<?xml version="1.0" encoding="UTF-8"?>
<testsuite xmlns:xsi="http://www.w3.org/2001/XMLSchema-instance" xsi:noNamespaceSchemaLocation="https://maven.apache.org/surefire/maven-surefire-plugin/xsd/surefire-test-report-3.0.xsd" version="3.0" name="com.fitnesstracker.UserServiceTest" time="0.041" tests="5" errors="0" skipped="0" failures="0">
  <properties>
[...]
</properties>
  <testcase name="testFindUserByUsername" classname="com.fitnesstracker.UserServiceTest" time="0.003"/>
  <testcase name="testAddUser" classname="com.fitnesstracker.UserServiceTest" time="0.0"/>
  <testcase name="testGetAllUsers" classname="com.fitnesstracker.UserServiceTest" time="0.0"/>
  <testcase name="testFindUserByUsername_NotFound" classname="com.fitnesstracker.UserServiceTest" time="0.0"/>
  <testcase name="testFindUserByUsername_CaseInsensitive" classname="com.fitnesstracker.UserServiceTest" time="0.0"/>
</testsuite>