<?xml version="1.0" encoding="UTF-8"?>
<testsuite xmlns:xsi="http://www.w3.org/2001/XMLSchema-instance" xsi:noNamespaceSchemaLocation="https://maven.apache.org/surefire/maven-surefire-plugin/xsd/surefire-test-report-3.0.xsd" version="3.0" name="com.fitnesstracker.WorkoutServiceTest" time="0.046" tests="4" errors="0" skipped="0" failures="0">
  <properties>
[...]
</properties>
  <testcase name="testDeleteWorkout" classname="com.fitnesstracker.WorkoutServiceTest" time="0.008">
    <system-out><![CDATA[Workout added successfully with ID: 1
Workout added successfully with ID: 2
Workout deleted successfully.
]]></system-out>
  </testcase>
  <testcase name="testAddWorkoutInvalidType" classname="com.fitnesstracker.WorkoutServiceTest" time="0.0"/>
  <testcase name="testAddWorkoutValid" classname="com.fitnesstracker.WorkoutServiceTest" time="0.0">
    <system-out><![CDATA[Workout added successfully with ID: 1
]]></system-out>
  </testcase>
  <testcase name="testUpdateWorkout" classname="com.fitnesstracker.WorkoutServiceTest" time="0.001">
    <system-out><![CDATA[Workout added successfully with ID: 1
Workout updated successfully.
]]></system-out>
  </testcase>
</testsuite>